Log file open, 05/31/25 14:30:31
LogWindows: Failed to load 'aqProf.dll' (GetLastError=126)
LogWindows: File 'aqProf.dll' does not exist
LogWindows: Failed to load 'VtuneApi.dll' (GetLastError=126)
LogWindows: File 'VtuneApi.dll' does not exist
LogWindows: Failed to load 'VtuneApi32e.dll' (GetLastError=126)
LogWindows: File 'VtuneApi32e.dll' does not exist
LogConsoleResponse: Display: Failed to find resolution value strings in scalability ini. Falling back to default.
LogConsoleResponse: Display: Failed to find resolution value strings in scalability ini. Falling back to default.
LogPakFile: Display: Found Pak file ../../../FightingGame/Content/Paks/FightingGame-WindowsNoEditor.pak attempting to mount.
LogPakFile: Display: Mounting pak file ../../../FightingGame/Content/Paks/FightingGame-WindowsNoEditor.pak.
LogPakFile: PakFile PrimaryIndexSize=29738
LogPakFile: PakFile PathHashIndexSize=47147
LogPakFile: PakFile FullDirectoryIndexSize=62022
LogShaderLibrary: Display: ShaderCodeLibraryPakFileMountedCallback: PakFile '../../../FightingGame/Content/Paks/FightingGame-WindowsNoEditor.pak' (chunk index -1, root '../../../') mounted
LogShaderLibrary: Display: ShaderCodeLibraryPakFileMountedCallback: pending pak file info (ChunkID:-1 Root:../../../ File:../../../FightingGame/Content/Paks/FightingGame-WindowsNoEditor.pak)
LogPakFile: OnPakFileMounted2Time == 0.000083
LogPlatformFile: Not using cached read wrapper
LogTaskGraph: Started task graph with 5 named threads and 11 total threads with 3 sets of task threads.
LogStats: Stats thread started at 0.222203
LogICUInternationalization: ICU TimeZone Detection - Raw Offset: +2:00, Platform Override: ''
LogInit: Display: Loading text-based GConfig....
LogPluginManager: Mounting plugin Paper2D
LogPluginManager: Mounting plugin AISupport
LogPluginManager: Mounting plugin EnvironmentQueryEditor
LogPluginManager: Mounting plugin LightPropagationVolume
LogPluginManager: Mounting plugin CameraShakePreviewer
LogPluginManager: Mounting plugin GameplayCameras
LogPluginManager: Mounting plugin TemplateSequence
LogPluginManager: Mounting plugin LevelSequenceEditor
LogPluginManager: Mounting plugin OodleData
LogPluginManager: Mounting plugin OodleNetwork
LogPluginManager: Mounting plugin AnimationSharing
LogPluginManager: Mounting plugin SignificanceManager
LogPluginManager: Mounting plugin PixWinPlugin
LogPluginManager: Mounting plugin PluginUtils
LogPluginManager: Mounting plugin PropertyAccessEditor
LogPluginManager: Mounting plugin UObjectPlugin
LogPluginManager: Mounting plugin AssetManagerEditor
LogPluginManager: Mounting plugin FacialAnimation
LogPluginManager: Mounting plugin GeometryMode
LogPluginManager: Mounting plugin SpeedTreeImporter
LogPluginManager: Mounting plugin DatasmithContent
LogPluginManager: Mounting plugin VariantManagerContent
LogPluginManager: Mounting plugin AlembicImporter
LogPluginManager: Mounting plugin GeometryCache
LogPluginManager: Mounting plugin AutomationUtils
LogPluginManager: Mounting plugin ScreenshotTools
LogPluginManager: Mounting plugin BackChannel
LogPluginManager: Mounting plugin ChaosClothEditor
LogPluginManager: Mounting plugin ChaosCloth
LogPluginManager: Mounting plugin ChaosEditor
LogPluginManager: Mounting plugin PlanarCut
LogPluginManager: Mounting plugin GeometryProcessing
LogPluginManager: Mounting plugin EditableMesh
LogPluginManager: Mounting plugin GeometryCollectionPlugin
LogPluginManager: Mounting plugin ProceduralMeshComponent
LogPluginManager: Mounting plugin ChaosSolverPlugin
LogPluginManager: Mounting plugin ChaosNiagara
LogPluginManager: Mounting plugin Niagara
LogPluginManager: Mounting plugin PythonScriptPlugin
LogPluginManager: Mounting plugin CharacterAI
LogPluginManager: Mounting plugin MotoSynth
LogPluginManager: Mounting plugin OpenImageDenoise
LogPluginManager: Mounting plugin PlatformCrypto
LogPluginManager: Mounting plugin MagicLeapPassableWorld
LogPluginManager: Mounting plugin MagicLeap
LogPluginManager: Mounting plugin MLSDK
LogPluginManager: Mounting plugin MagicLeapLightEstimation
LogPluginManager: Mounting plugin AvfMedia
LogPluginManager: Mounting plugin ImgMedia
LogPluginManager: Mounting plugin MediaCompositing
LogPluginManager: Mounting plugin WmfMedia
LogPluginManager: Mounting plugin MeshPainting
LogPluginManager: Mounting plugin TcpMessaging
LogPluginManager: Mounting plugin UdpMessaging
LogPluginManager: Mounting plugin ActorSequence
LogPluginManager: Mounting plugin MatineeToLevelSequence
LogPluginManager: Mounting plugin OnlineSubsystemNull
LogPluginManager: Mounting plugin OnlineSubsystem
LogPluginManager: Mounting plugin OnlineSubsystemUtils
LogPluginManager: Mounting plugin LauncherChunkInstaller
LogPluginManager: Mounting plugin ActorLayerUtilities
LogPluginManager: Mounting plugin AndroidPermission
LogPluginManager: Mounting plugin AppleImageUtils
LogPluginManager: Mounting plugin ArchVisCharacter
LogPluginManager: Mounting plugin AssetTags
LogPluginManager: Mounting plugin AudioCapture
LogPluginManager: Mounting plugin CableComponent
LogPluginManager: Mounting plugin ChunkDownloader
LogPluginManager: Mounting plugin CustomMeshComponent
LogPluginManager: Mounting plugin ExampleDeviceProfileSelector
LogPluginManager: Mounting plugin GooglePAD
LogPluginManager: Mounting plugin LocationServicesBPLibrary
LogPluginManager: Mounting plugin MobilePatchingUtils
LogPluginManager: Mounting plugin OculusVR
LogPluginManager: Mounting plugin OpenXREyeTracker
LogPluginManager: Mounting plugin OpenXR
LogPluginManager: Mounting plugin OpenXRHandTracking
LogPluginManager: Mounting plugin LiveLink
LogPluginManager: Mounting plugin Takes
LogPluginManager: Mounting plugin PhysXVehicles
LogPluginManager: Mounting plugin RuntimePhysXCooking
LogPluginManager: Mounting plugin SoundFields
LogPluginManager: Mounting plugin SteamVR
LogPluginManager: Mounting plugin Synthesis
LogPluginManager: Mounting plugin AudioSynesthesia
LogPluginManager: Mounting plugin WebMMoviePlayer
LogPluginManager: Mounting plugin WebMMedia
LogPluginManager: Mounting plugin WindowsMoviePlayer
PixWinPlugin: PIX capture plugin failed to initialize! Check that the process is launched from PIX.
LogLuminAPIImpl: Warning: MLSDK not found.  This likely means the MLSDK environment variable is not set.
LogInit: Using libcurl 7.55.1-DEV
LogInit:  - built for x86_64-pc-win32
LogInit:  - supports SSL with OpenSSL/1.1.1
LogInit:  - supports HTTP deflate (compression) using libz 1.2.8
LogInit:  - other features:
LogInit:      CURL_VERSION_SSL
LogInit:      CURL_VERSION_LIBZ
LogInit:      CURL_VERSION_IPV6
LogInit:      CURL_VERSION_ASYNCHDNS
LogInit:      CURL_VERSION_LARGEFILE
LogInit:      CURL_VERSION_IDN
LogInit:  CurlRequestOptions (configurable via config and command line):
LogInit:  - bVerifyPeer = true  - Libcurl will verify peer certificate
LogInit:  - bUseHttpProxy = false  - Libcurl will NOT use HTTP proxy
LogInit:  - bDontReuseConnections = false  - Libcurl will reuse connections
LogInit:  - MaxHostConnections = 16  - Libcurl will limit the number of connections to a host
LogInit:  - LocalHostAddr = Default
LogInit:  - BufferSize = 65536
LogOnline: OSS: Creating online subsystem instance for: NULL
LogInit: WinSock: version 1.1 (2.2), MaxSocks=32767, MaxUdp=65467
LogOnline: OSS: TryLoadSubsystemAndSetDefault: Loaded subsystem for module [NULL]
LogOculusPluginWrapper: OculusPlugin initialized successfully
LogHMD: Failed initializing OVRPlugin 1.59.0
LogInit: Build: ++UE4+Release-4.27-CL-18319896
LogInit: Engine Version: 4.27.2-18319896+++UE4+Release-4.27
LogInit: Compatible Engine Version: 4.27.0-17155196+++UE4+Release-4.27
LogInit: Net CL: 17155196
LogInit: OS: Windows 10 (Release 2009) (), CPU:        Intel(R) Core(TM) i5-3210M CPU @ 2.50GHz, GPU: Intel(R) HD Graphics 4000
LogInit: Compiled (64-bit): Nov 30 2021 07:26:28
LogInit: Compiled with Visual C++: 19.16.27032.01
LogInit: Build Configuration: Development
LogInit: Branch Name: ++UE4+Release-4.27
LogInit: Command Line: 
LogInit: Base Directory: C:/Users/Kyle/Desktop/FightingGame/FightingGame/FightingGame/Binaries/Win64/
LogInit: Allocator: binned2
LogInit: Installed Engine Build: 0
LogDevObjectVersion: Number of dev versions registered: 29
LogDevObjectVersion:   Dev-Blueprints (B0D832E4-1F89-4F0D-ACCF-7EB736FD4AA2): 10
LogDevObjectVersion:   Dev-Build (E1C64328-A22C-4D53-A36C-8E866417BD8C): 0
LogDevObjectVersion:   Dev-Core (375EC13C-06E4-48FB-B500-84F0262A717E): 4
LogDevObjectVersion:   Dev-Editor (E4B068ED-F494-42E9-A231-DA0B2E46BB41): 40
LogDevObjectVersion:   Dev-Framework (CFFC743F-43B0-4480-9391-14DF171D2073): 37
LogDevObjectVersion:   Dev-Mobile (B02B49B5-BB20-44E9-A304-32B752E40360): 3
LogDevObjectVersion:   Dev-Networking (A4E4105C-59A1-49B5-A7C5-40C4547EDFEE): 0
LogDevObjectVersion:   Dev-Online (39C831C9-5AE6-47DC-9A44-9C173E1C8E7C): 0
LogDevObjectVersion:   Dev-Physics (78F01B33-EBEA-4F98-B9B4-84EACCB95AA2): 14
LogDevObjectVersion:   Dev-Platform (6631380F-2D4D-43E0-8009-CF276956A95A): 0
LogDevObjectVersion:   Dev-Rendering (12F88B9F-8875-4AFC-A67C-D90C383ABD29): 45
LogDevObjectVersion:   Dev-Sequencer (7B5AE74C-D270-4C10-A958-57980B212A5A): 13
LogDevObjectVersion:   Dev-VR (D7296918-1DD6-4BDD-9DE2-64A83CC13884): 3
LogDevObjectVersion:   Dev-LoadTimes (C2A15278-BFE7-4AFE-6C17-90FF531DF755): 1
LogDevObjectVersion:   Private-Geometry (6EACA3D4-40EC-4CC1-B786-8BED09428FC5): 3
LogDevObjectVersion:   Dev-AnimPhys (29E575DD-E0A3-4627-9D10-D276232CDCEA): 17
LogDevObjectVersion:   Dev-Anim (AF43A65D-7FD3-4947-9873-3E8ED9C1BB05): 15
LogDevObjectVersion:   Dev-ReflectionCapture (6B266CEC-1EC7-4B8F-A30B-E4D90942FC07): 1
LogDevObjectVersion:   Dev-Automation (0DF73D61-A23F-47EA-B727-89E90C41499A): 1
LogDevObjectVersion:   FortniteMain (601D1886-AC64-4F84-AA16-D3DE0DEAC7D6): 47
LogDevObjectVersion:   FortniteRelease (E7086368-6B23-4C58-8439-1B7016265E91): 1
LogDevObjectVersion:   Dev-Enterprise (9DFFBCD6-494F-0158-E221-12823C92A888): 10
LogDevObjectVersion:   Dev-Niagara (F2AED0AC-9AFE-416F-8664-AA7FFA26D6FC): 1
LogDevObjectVersion:   Dev-Destruction (174F1F0B-B4C6-45A5-B13F-2EE8D0FB917D): 10
LogDevObjectVersion:   Dev-Physics-Ext (35F94A83-E258-406C-A318-09F59610247C): 41
LogDevObjectVersion:   Dev-PhysicsMaterial-Chaos (B68FC16E-8B1B-42E2-B453-215C058844FE): 1
LogDevObjectVersion:   Dev-CineCamera (B2E18506-4273-CFC2-A54E-F4BB758BBA07): 1
LogDevObjectVersion:   Dev-VirtualProduction (64F58936-FD1B-42BA-BA96-7289D5D0FA4E): 1
LogDevObjectVersion:   Dev-MediaFramework (6F0ED827-A609-4895-9C91-998D90180EA4): 2
LogInit: Presizing for max 2097152 objects, including 1 objects not considered by GC, pre-allocating 0 bytes for permanent pool.
LogConfig: Applying CVar settings from Section [/Script/Engine.StreamingSettings] File [../../../FightingGame/Saved/Config/WindowsNoEditor/Engine.ini]
LogConfig: Setting CVar [[s.MinBulkDataSizeForAsyncLoading:131072]]
LogConfig: Setting CVar [[s.AsyncLoadingThreadEnabled:0]]
LogConfig: Setting CVar [[s.EventDrivenLoaderEnabled:1]]
LogConfig: Setting CVar [[s.WarnIfTimeLimitExceeded:0]]
LogConfig: Setting CVar [[s.TimeLimitExceededMultiplier:1.5]]
LogConfig: Setting CVar [[s.TimeLimitExceededMinTime:0.005]]
LogConfig: Setting CVar [[s.UseBackgroundLevelStreaming:1]]
LogConfig: Setting CVar [[s.PriorityAsyncLoadingExtraTime:15.0]]
LogConfig: Setting CVar [[s.LevelStreamingActorsUpdateTimeLimit:5.0]]
LogConfig: Setting CVar [[s.PriorityLevelStreamingActorsUpdateExtraTime:5.0]]
LogConfig: Setting CVar [[s.LevelStreamingComponentsRegistrationGranularity:10]]
LogConfig: Setting CVar [[s.UnregisterComponentsTimeLimit:1.0]]
LogConfig: Setting CVar [[s.LevelStreamingComponentsUnregistrationGranularity:5]]
LogConfig: Setting CVar [[s.FlushStreamingOnExit:1]]
LogStreaming: Display: Async Loading initialized: Event Driven Loader: true, Async Loading Thread: false, Async Post Load: true
LogInit: Object subsystem initialized
LogConfig: Setting CVar [[con.DebugEarlyDefault:1]]
LogConfig: Setting CVar [[r.setres:1280x720]]
LogConfig: Setting CVar [[fx.NiagaraAllowRuntimeScalabilityChanges:1]]
[2025.05.31-12.30.32:226][  0]LogConfig: Setting CVar [[con.DebugEarlyDefault:1]]
[2025.05.31-12.30.32:226][  0]LogConfig: Setting CVar [[r.setres:1280x720]]
[2025.05.31-12.30.32:226][  0]LogConfig: Setting CVar [[fx.NiagaraAllowRuntimeScalabilityChanges:1]]
[2025.05.31-12.30.32:226][  0]LogConfig: Applying CVar settings from Section [/Script/Engine.RendererSettings] File [../../../FightingGame/Saved/Config/WindowsNoEditor/Engine.ini]
[2025.05.31-12.30.32:226][  0]LogConfig: Setting CVar [[r.GPUCrashDebugging:0]]
[2025.05.31-12.30.32:226][  0]LogConfig: Applying CVar settings from Section [/Script/Engine.RendererOverrideSettings] File [../../../FightingGame/Saved/Config/WindowsNoEditor/Engine.ini]
[2025.05.31-12.30.32:226][  0]LogConfig: Applying CVar settings from Section [/Script/Engine.StreamingSettings] File [../../../FightingGame/Saved/Config/WindowsNoEditor/Engine.ini]
[2025.05.31-12.30.32:226][  0]LogConfig: Setting CVar [[s.MinBulkDataSizeForAsyncLoading:131072]]
[2025.05.31-12.30.32:226][  0]LogConfig: Setting CVar [[s.AsyncLoadingThreadEnabled:0]]
[2025.05.31-12.30.32:226][  0]LogConfig: Setting CVar [[s.EventDrivenLoaderEnabled:1]]
[2025.05.31-12.30.32:226][  0]LogConfig: Setting CVar [[s.WarnIfTimeLimitExceeded:0]]
[2025.05.31-12.30.32:226][  0]LogConfig: Setting CVar [[s.TimeLimitExceededMultiplier:1.5]]
[2025.05.31-12.30.32:226][  0]LogConfig: Setting CVar [[s.TimeLimitExceededMinTime:0.005]]
[2025.05.31-12.30.32:227][  0]LogConfig: Setting CVar [[s.UseBackgroundLevelStreaming:1]]
[2025.05.31-12.30.32:227][  0]LogConfig: Setting CVar [[s.PriorityAsyncLoadingExtraTime:15.0]]
[2025.05.31-12.30.32:227][  0]LogConfig: Setting CVar [[s.LevelStreamingActorsUpdateTimeLimit:5.0]]
[2025.05.31-12.30.32:227][  0]LogConfig: Setting CVar [[s.PriorityLevelStreamingActorsUpdateExtraTime:5.0]]
[2025.05.31-12.30.32:227][  0]LogConfig: Setting CVar [[s.LevelStreamingComponentsRegistrationGranularity:10]]
[2025.05.31-12.30.32:227][  0]LogConfig: Setting CVar [[s.UnregisterComponentsTimeLimit:1.0]]
[2025.05.31-12.30.32:227][  0]LogConfig: Setting CVar [[s.LevelStreamingComponentsUnregistrationGranularity:5]]
[2025.05.31-12.30.32:227][  0]LogConfig: Setting CVar [[s.FlushStreamingOnExit:1]]
[2025.05.31-12.30.32:227][  0]LogConfig: Applying CVar settings from Section [/Script/Engine.GarbageCollectionSettings] File [../../../FightingGame/Saved/Config/WindowsNoEditor/Engine.ini]
[2025.05.31-12.30.32:227][  0]LogConfig: Setting CVar [[gc.MaxObjectsNotConsideredByGC:1]]
[2025.05.31-12.30.32:227][  0]LogConfig: Setting CVar [[gc.SizeOfPermanentObjectPool:0]]
[2025.05.31-12.30.32:227][  0]LogConfig: Setting CVar [[gc.FlushStreamingOnGC:0]]
[2025.05.31-12.30.32:227][  0]LogConfig: Setting CVar [[gc.NumRetriesBeforeForcingGC:10]]
[2025.05.31-12.30.32:227][  0]LogConfig: Setting CVar [[gc.AllowParallelGC:1]]
[2025.05.31-12.30.32:227][  0]LogConfig: Setting CVar [[gc.TimeBetweenPurgingPendingKillObjects:61.1]]
[2025.05.31-12.30.32:227][  0]LogConfig: Setting CVar [[gc.MaxObjectsInEditor:25165824]]
[2025.05.31-12.30.32:227][  0]LogConfig: Setting CVar [[gc.IncrementalBeginDestroyEnabled:1]]
[2025.05.31-12.30.32:227][  0]LogConfig: Setting CVar [[gc.CreateGCClusters:1]]
[2025.05.31-12.30.32:227][  0]LogConfig: Setting CVar [[gc.MinGCClusterSize:5]]
[2025.05.31-12.30.32:227][  0]LogConfig: Setting CVar [[gc.ActorClusteringEnabled:0]]
[2025.05.31-12.30.32:228][  0]LogConfig: Setting CVar [[gc.BlueprintClusteringEnabled:0]]
[2025.05.31-12.30.32:228][  0]LogConfig: Setting CVar [[gc.UseDisregardForGCOnDedicatedServers:0]]
[2025.05.31-12.30.32:228][  0]LogConfig: Setting CVar [[gc.MultithreadedDestructionEnabled:1]]
[2025.05.31-12.30.32:228][  0]LogConfig: Applying CVar settings from Section [/Script/Engine.NetworkSettings] File [../../../FightingGame/Saved/Config/WindowsNoEditor/Engine.ini]
[2025.05.31-12.30.32:241][  0]LogConfig: Applying CVar settings from Section [ViewDistanceQuality@3] File [../../../FightingGame/Saved/Config/WindowsNoEditor/Scalability.ini]
[2025.05.31-12.30.32:241][  0]LogConfig: Setting CVar [[r.SkeletalMeshLODBias:0]]
[2025.05.31-12.30.32:241][  0]LogConfig: Setting CVar [[r.ViewDistanceScale:1.0]]
[2025.05.31-12.30.32:241][  0]LogConfig: Applying CVar settings from Section [AntiAliasingQuality@3] File [../../../FightingGame/Saved/Config/WindowsNoEditor/Scalability.ini]
[2025.05.31-12.30.32:241][  0]LogConfig: Setting CVar [[r.PostProcessAAQuality:4]]
[2025.05.31-12.30.32:241][  0]LogConfig: Applying CVar settings from Section [ShadowQuality@3] File [../../../FightingGame/Saved/Config/WindowsNoEditor/Scalability.ini]
[2025.05.31-12.30.32:241][  0]LogConfig: Setting CVar [[r.LightFunctionQuality:1]]
[2025.05.31-12.30.32:241][  0]LogConfig: Setting CVar [[r.ShadowQuality:5]]
[2025.05.31-12.30.32:241][  0]LogConfig: Setting CVar [[r.Shadow.CSM.MaxCascades:10]]
[2025.05.31-12.30.32:241][  0]LogConfig: Setting CVar [[r.Shadow.MaxResolution:2048]]
[2025.05.31-12.30.32:241][  0]LogConfig: Setting CVar [[r.Shadow.MaxCSMResolution:2048]]
[2025.05.31-12.30.32:242][  0]LogConfig: Setting CVar [[r.Shadow.RadiusThreshold:0.01]]
[2025.05.31-12.30.32:242][  0]LogConfig: Setting CVar [[r.Shadow.DistanceScale:1.0]]
[2025.05.31-12.30.32:242][  0]LogConfig: Setting CVar [[r.Shadow.CSM.TransitionScale:1.0]]
[2025.05.31-12.30.32:242][  0]LogConfig: Setting CVar [[r.Shadow.PreShadowResolutionFactor:1.0]]
[2025.05.31-12.30.32:242][  0]LogConfig: Setting CVar [[r.DistanceFieldShadowing:1]]
[2025.05.31-12.30.32:242][  0]LogConfig: Setting CVar [[r.DistanceFieldAO:1]]
[2025.05.31-12.30.32:242][  0]LogConfig: Setting CVar [[r.AOQuality:2]]
[2025.05.31-12.30.32:242][  0]LogConfig: Setting CVar [[r.VolumetricFog:1]]
[2025.05.31-12.30.32:242][  0]LogConfig: Setting CVar [[r.VolumetricFog.GridPixelSize:8]]
[2025.05.31-12.30.32:242][  0]LogConfig: Setting CVar [[r.VolumetricFog.GridSizeZ:128]]
[2025.05.31-12.30.32:242][  0]LogConfig: Setting CVar [[r.VolumetricFog.HistoryMissSupersampleCount:4]]
[2025.05.31-12.30.32:242][  0]LogConfig: Setting CVar [[r.LightMaxDrawDistanceScale:1]]
[2025.05.31-12.30.32:242][  0]LogConfig: Setting CVar [[r.CapsuleShadows:1]]
[2025.05.31-12.30.32:242][  0]LogConfig: Applying CVar settings from Section [PostProcessQuality@3] File [../../../FightingGame/Saved/Config/WindowsNoEditor/Scalability.ini]
[2025.05.31-12.30.32:242][  0]LogConfig: Setting CVar [[r.MotionBlurQuality:4]]
[2025.05.31-12.30.32:242][  0]LogConfig: Setting CVar [[r.AmbientOcclusionMipLevelFactor:0.4]]
[2025.05.31-12.30.32:242][  0]LogConfig: Setting CVar [[r.AmbientOcclusionMaxQuality:100]]
[2025.05.31-12.30.32:242][  0]LogConfig: Setting CVar [[r.AmbientOcclusionLevels:-1]]
[2025.05.31-12.30.32:242][  0]LogConfig: Setting CVar [[r.AmbientOcclusionRadiusScale:1.0]]
[2025.05.31-12.30.32:242][  0]LogConfig: Setting CVar [[r.DepthOfFieldQuality:2]]
[2025.05.31-12.30.32:242][  0]LogConfig: Setting CVar [[r.RenderTargetPoolMin:400]]
[2025.05.31-12.30.32:242][  0]LogConfig: Setting CVar [[r.LensFlareQuality:2]]
[2025.05.31-12.30.32:242][  0]LogConfig: Setting CVar [[r.SceneColorFringeQuality:1]]
[2025.05.31-12.30.32:242][  0]LogConfig: Setting CVar [[r.EyeAdaptationQuality:2]]
[2025.05.31-12.30.32:242][  0]LogConfig: Setting CVar [[r.BloomQuality:5]]
[2025.05.31-12.30.32:242][  0]LogConfig: Setting CVar [[r.FastBlurThreshold:100]]
[2025.05.31-12.30.32:242][  0]LogConfig: Setting CVar [[r.Upscale.Quality:3]]
[2025.05.31-12.30.32:242][  0]LogConfig: Setting CVar [[r.Tonemapper.GrainQuantization:1]]
[2025.05.31-12.30.32:242][  0]LogConfig: Setting CVar [[r.LightShaftQuality:1]]
[2025.05.31-12.30.32:242][  0]LogConfig: Setting CVar [[r.Filter.SizeScale:1]]
[2025.05.31-12.30.32:242][  0]LogConfig: Setting CVar [[r.Tonemapper.Quality:5]]
[2025.05.31-12.30.32:242][  0]LogConfig: Setting CVar [[r.DOF.Gather.AccumulatorQuality:1        ; higher gathering accumulator quality]]
[2025.05.31-12.30.32:243][  0]LogConfig: Setting CVar [[r.DOF.Gather.PostfilterMethod:1          ; Median3x3 postfilering method]]
[2025.05.31-12.30.32:243][  0]LogConfig: Setting CVar [[r.DOF.Gather.EnableBokehSettings:0       ; no bokeh simulation when gathering]]
[2025.05.31-12.30.32:243][  0]LogConfig: Setting CVar [[r.DOF.Gather.RingCount:4                 ; medium number of samples when gathering]]
[2025.05.31-12.30.32:243][  0]LogConfig: Setting CVar [[r.DOF.Scatter.ForegroundCompositing:1    ; additive foreground scattering]]
[2025.05.31-12.30.32:243][  0]LogConfig: Setting CVar [[r.DOF.Scatter.BackgroundCompositing:2    ; additive background scattering]]
[2025.05.31-12.30.32:243][  0]LogConfig: Setting CVar [[r.DOF.Scatter.EnableBokehSettings:1      ; bokeh simulation when scattering]]
[2025.05.31-12.30.32:243][  0]LogConfig: Setting CVar [[r.DOF.Scatter.MaxSpriteRatio:0.1         ; only a maximum of 10% of scattered bokeh]]
[2025.05.31-12.30.32:243][  0]LogConfig: Setting CVar [[r.DOF.Recombine.Quality:1                ; cheap slight out of focus]]
[2025.05.31-12.30.32:243][  0]LogConfig: Setting CVar [[r.DOF.Recombine.EnableBokehSettings:0    ; no bokeh simulation on slight out of focus]]
[2025.05.31-12.30.32:243][  0]LogConfig: Setting CVar [[r.DOF.TemporalAAQuality:1                ; more stable temporal accumulation]]
[2025.05.31-12.30.32:243][  0]LogConfig: Setting CVar [[r.DOF.Kernel.MaxForegroundRadius:0.025]]
[2025.05.31-12.30.32:243][  0]LogConfig: Setting CVar [[r.DOF.Kernel.MaxBackgroundRadius:0.025]]
[2025.05.31-12.30.32:243][  0]LogConfig: Applying CVar settings from Section [TextureQuality@3] File [../../../FightingGame/Saved/Config/WindowsNoEditor/Scalability.ini]
[2025.05.31-12.30.32:243][  0]LogConfig: Setting CVar [[r.Streaming.MipBias:0]]
[2025.05.31-12.30.32:243][  0]LogConfig: Setting CVar [[r.Streaming.AmortizeCPUToGPUCopy:0]]
[2025.05.31-12.30.32:243][  0]LogConfig: Setting CVar [[r.Streaming.MaxNumTexturesToStreamPerFrame:0]]
[2025.05.31-12.30.32:243][  0]LogConfig: Setting CVar [[r.Streaming.Boost:1]]
[2025.05.31-12.30.32:243][  0]LogConfig: Setting CVar [[r.MaxAnisotropy:8]]
[2025.05.31-12.30.32:243][  0]LogConfig: Setting CVar [[r.VT.MaxAnisotropy:8]]
[2025.05.31-12.30.32:243][  0]LogConfig: Setting CVar [[r.Streaming.LimitPoolSizeToVRAM:0]]
[2025.05.31-12.30.32:243][  0]LogConfig: Setting CVar [[r.Streaming.PoolSize:1000]]
[2025.05.31-12.30.32:243][  0]LogConfig: Setting CVar [[r.Streaming.MaxEffectiveScreenSize:0]]
[2025.05.31-12.30.32:243][  0]LogConfig: Applying CVar settings from Section [EffectsQuality@3] File [../../../FightingGame/Saved/Config/WindowsNoEditor/Scalability.ini]
[2025.05.31-12.30.32:244][  0]LogConfig: Setting CVar [[r.TranslucencyLightingVolumeDim:64]]
[2025.05.31-12.30.32:244][  0]LogConfig: Setting CVar [[r.RefractionQuality:2]]
[2025.05.31-12.30.32:244][  0]LogConfig: Setting CVar [[r.SSR.Quality:3]]
[2025.05.31-12.30.32:244][  0]LogConfig: Setting CVar [[r.SSR.HalfResSceneColor:0]]
[2025.05.31-12.30.32:244][  0]LogConfig: Setting CVar [[r.SceneColorFormat:4]]
[2025.05.31-12.30.32:244][  0]LogConfig: Setting CVar [[r.DetailMode:2]]
[2025.05.31-12.30.32:244][  0]LogConfig: Setting CVar [[r.TranslucencyVolumeBlur:1]]
[2025.05.31-12.30.32:244][  0]LogConfig: Setting CVar [[r.MaterialQualityLevel:1 ; High quality]]
[2025.05.31-12.30.32:244][  0]LogConfig: Setting CVar [[r.AnisotropicMaterials:1]]
[2025.05.31-12.30.32:244][  0]LogConfig: Setting CVar [[r.SSS.Scale:1]]
[2025.05.31-12.30.32:244][  0]LogConfig: Setting CVar [[r.SSS.SampleSet:2]]
[2025.05.31-12.30.32:244][  0]LogConfig: Setting CVar [[r.SSS.Quality:1]]
[2025.05.31-12.30.32:244][  0]LogConfig: Setting CVar [[r.SSS.HalfRes:0]]
[2025.05.31-12.30.32:244][  0]LogConfig: Setting CVar [[r.SSGI.Quality:3]]
[2025.05.31-12.30.32:244][  0]LogConfig: Setting CVar [[r.EmitterSpawnRateScale:1.0]]
[2025.05.31-12.30.32:244][  0]LogConfig: Setting CVar [[r.ParticleLightQuality:2]]
[2025.05.31-12.30.32:244][  0]LogConfig: Setting CVar [[r.SkyAtmosphere.AerialPerspectiveLUT.FastApplyOnOpaque:1 ; Always have FastSkyLUT 1 in this case to avoid wrong sky]]
[2025.05.31-12.30.32:244][  0]LogConfig: Setting CVar [[r.SkyAtmosphere.AerialPerspectiveLUT.SampleCountMaxPerSlice:4]]
[2025.05.31-12.30.32:244][  0]LogConfig: Setting CVar [[r.SkyAtmosphere.AerialPerspectiveLUT.DepthResolution:16.0]]
[2025.05.31-12.30.32:244][  0]LogConfig: Setting CVar [[r.SkyAtmosphere.FastSkyLUT:1]]
[2025.05.31-12.30.32:244][  0]LogConfig: Setting CVar [[r.SkyAtmosphere.FastSkyLUT.SampleCountMin:4.0]]
[2025.05.31-12.30.32:245][  0]LogConfig: Setting CVar [[r.SkyAtmosphere.FastSkyLUT.SampleCountMax:128.0]]
[2025.05.31-12.30.32:245][  0]LogConfig: Setting CVar [[r.SkyAtmosphere.SampleCountMin:4.0]]
[2025.05.31-12.30.32:245][  0]LogConfig: Setting CVar [[r.SkyAtmosphere.SampleCountMax:128.0]]
[2025.05.31-12.30.32:245][  0]LogConfig: Setting CVar [[r.SkyAtmosphere.TransmittanceLUT.UseSmallFormat:0]]
[2025.05.31-12.30.32:245][  0]LogConfig: Setting CVar [[r.SkyAtmosphere.TransmittanceLUT.SampleCount:10.0]]
[2025.05.31-12.30.32:245][  0]LogConfig: Setting CVar [[r.SkyAtmosphere.MultiScatteringLUT.SampleCount:15.0]]
[2025.05.31-12.30.32:245][  0]LogConfig: Setting CVar [[r.SkyLight.RealTimeReflectionCapture:1]]
[2025.05.31-12.30.32:245][  0]LogConfig: Setting CVar [[fx.Niagara.QualityLevel:3]]
[2025.05.31-12.30.32:245][  0]LogConfig: Applying CVar settings from Section [FoliageQuality@3] File [../../../FightingGame/Saved/Config/WindowsNoEditor/Scalability.ini]
[2025.05.31-12.30.32:245][  0]LogConfig: Setting CVar [[foliage.DensityScale:1.0]]
[2025.05.31-12.30.32:245][  0]LogConfig: Setting CVar [[grass.DensityScale:1.0]]
[2025.05.31-12.30.32:245][  0]LogConfig: Applying CVar settings from Section [ShadingQuality@3] File [../../../FightingGame/Saved/Config/WindowsNoEditor/Scalability.ini]
[2025.05.31-12.30.32:245][  0]LogConfig: Setting CVar [[r.HairStrands.SkyLighting.IntegrationType:2]]
[2025.05.31-12.30.32:245][  0]LogConfig: Setting CVar [[r.HairStrands.SkyAO.SampleCount:4]]
[2025.05.31-12.30.32:245][  0]LogConfig: Setting CVar [[r.HairStrands.Visibility.MSAA.SamplePerPixel:4]]
[2025.05.31-12.30.32:245][  0]LogInit: Selected Device Profile: [WindowsNoEditor]
[2025.05.31-12.30.32:245][  0]LogInit: Applying CVar settings loaded from the selected device profile: [WindowsNoEditor]
[2025.05.31-12.30.32:245][  0]LogHAL: Display: Platform has ~ 8 GB [8492081152 / 8589934592 / 8], which maps to Default [LargestMinGB=32, LargerMinGB=12, DefaultMinGB=8, SmallerMinGB=6, SmallestMinGB=0)
[2025.05.31-12.30.32:245][  0]LogInit: Going up to parent DeviceProfile [Windows]
[2025.05.31-12.30.32:245][  0]LogInit: Going up to parent DeviceProfile []
[2025.05.31-12.30.32:246][  0]LogConfig: Applying CVar settings from Section [ViewDistanceQuality@3] File [../../../FightingGame/Saved/Config/WindowsNoEditor/Scalability.ini]
[2025.05.31-12.30.32:246][  0]LogConfig: Setting CVar [[r.SkeletalMeshLODBias:0]]
[2025.05.31-12.30.32:246][  0]LogConfig: Setting CVar [[r.ViewDistanceScale:1.0]]
[2025.05.31-12.30.32:246][  0]LogConfig: Applying CVar settings from Section [AntiAliasingQuality@3] File [../../../FightingGame/Saved/Config/WindowsNoEditor/Scalability.ini]
[2025.05.31-12.30.32:246][  0]LogConfig: Setting CVar [[r.PostProcessAAQuality:4]]
[2025.05.31-12.30.32:246][  0]LogConfig: Applying CVar settings from Section [ShadowQuality@3] File [../../../FightingGame/Saved/Config/WindowsNoEditor/Scalability.ini]
[2025.05.31-12.30.32:246][  0]LogConfig: Setting CVar [[r.LightFunctionQuality:1]]
[2025.05.31-12.30.32:246][  0]LogConfig: Setting CVar [[r.ShadowQuality:5]]
[2025.05.31-12.30.32:246][  0]LogConfig: Setting CVar [[r.Shadow.CSM.MaxCascades:10]]
[2025.05.31-12.30.32:246][  0]LogConfig: Setting CVar [[r.Shadow.MaxResolution:2048]]
[2025.05.31-12.30.32:246][  0]LogConfig: Setting CVar [[r.Shadow.MaxCSMResolution:2048]]
[2025.05.31-12.30.32:246][  0]LogConfig: Setting CVar [[r.Shadow.RadiusThreshold:0.01]]
[2025.05.31-12.30.32:246][  0]LogConfig: Setting CVar [[r.Shadow.DistanceScale:1.0]]
[2025.05.31-12.30.32:246][  0]LogConfig: Setting CVar [[r.Shadow.CSM.TransitionScale:1.0]]
[2025.05.31-12.30.32:246][  0]LogConfig: Setting CVar [[r.Shadow.PreShadowResolutionFactor:1.0]]
[2025.05.31-12.30.32:246][  0]LogConfig: Setting CVar [[r.DistanceFieldShadowing:1]]
[2025.05.31-12.30.32:246][  0]LogConfig: Setting CVar [[r.DistanceFieldAO:1]]
[2025.05.31-12.30.32:246][  0]LogConfig: Setting CVar [[r.AOQuality:2]]
[2025.05.31-12.30.32:247][  0]LogConfig: Setting CVar [[r.VolumetricFog:1]]
[2025.05.31-12.30.32:247][  0]LogConfig: Setting CVar [[r.VolumetricFog.GridPixelSize:8]]
[2025.05.31-12.30.32:247][  0]LogConfig: Setting CVar [[r.VolumetricFog.GridSizeZ:128]]
[2025.05.31-12.30.32:247][  0]LogConfig: Setting CVar [[r.VolumetricFog.HistoryMissSupersampleCount:4]]
[2025.05.31-12.30.32:247][  0]LogConfig: Setting CVar [[r.LightMaxDrawDistanceScale:1]]
[2025.05.31-12.30.32:247][  0]LogConfig: Setting CVar [[r.CapsuleShadows:1]]
[2025.05.31-12.30.32:247][  0]LogConfig: Applying CVar settings from Section [PostProcessQuality@3] File [../../../FightingGame/Saved/Config/WindowsNoEditor/Scalability.ini]
[2025.05.31-12.30.32:247][  0]LogConfig: Setting CVar [[r.MotionBlurQuality:4]]
[2025.05.31-12.30.32:247][  0]LogConfig: Setting CVar [[r.AmbientOcclusionMipLevelFactor:0.4]]
[2025.05.31-12.30.32:247][  0]LogConfig: Setting CVar [[r.AmbientOcclusionMaxQuality:100]]
[2025.05.31-12.30.32:247][  0]LogConfig: Setting CVar [[r.AmbientOcclusionLevels:-1]]
[2025.05.31-12.30.32:247][  0]LogConfig: Setting CVar [[r.AmbientOcclusionRadiusScale:1.0]]
[2025.05.31-12.30.32:247][  0]LogConfig: Setting CVar [[r.DepthOfFieldQuality:2]]
[2025.05.31-12.30.32:247][  0]LogConfig: Setting CVar [[r.RenderTargetPoolMin:400]]
[2025.05.31-12.30.32:247][  0]LogConfig: Setting CVar [[r.LensFlareQuality:2]]
[2025.05.31-12.30.32:247][  0]LogConfig: Setting CVar [[r.SceneColorFringeQuality:1]]
[2025.05.31-12.30.32:247][  0]LogConfig: Setting CVar [[r.EyeAdaptationQuality:2]]
[2025.05.31-12.30.32:247][  0]LogConfig: Setting CVar [[r.BloomQuality:5]]
[2025.05.31-12.30.32:247][  0]LogConfig: Setting CVar [[r.FastBlurThreshold:100]]
[2025.05.31-12.30.32:247][  0]LogConfig: Setting CVar [[r.Upscale.Quality:3]]
[2025.05.31-12.30.32:248][  0]LogConfig: Setting CVar [[r.Tonemapper.GrainQuantization:1]]
[2025.05.31-12.30.32:248][  0]LogConfig: Setting CVar [[r.LightShaftQuality:1]]
[2025.05.31-12.30.32:248][  0]LogConfig: Setting CVar [[r.Filter.SizeScale:1]]
[2025.05.31-12.30.32:248][  0]LogConfig: Setting CVar [[r.Tonemapper.Quality:5]]
[2025.05.31-12.30.32:248][  0]LogConfig: Setting CVar [[r.DOF.Gather.AccumulatorQuality:1        ; higher gathering accumulator quality]]
[2025.05.31-12.30.32:248][  0]LogConfig: Setting CVar [[r.DOF.Gather.PostfilterMethod:1          ; Median3x3 postfilering method]]
[2025.05.31-12.30.32:248][  0]LogConfig: Setting CVar [[r.DOF.Gather.EnableBokehSettings:0       ; no bokeh simulation when gathering]]
[2025.05.31-12.30.32:248][  0]LogConfig: Setting CVar [[r.DOF.Gather.RingCount:4                 ; medium number of samples when gathering]]
[2025.05.31-12.30.32:248][  0]LogConfig: Setting CVar [[r.DOF.Scatter.ForegroundCompositing:1    ; additive foreground scattering]]
[2025.05.31-12.30.32:248][  0]LogConfig: Setting CVar [[r.DOF.Scatter.BackgroundCompositing:2    ; additive background scattering]]
[2025.05.31-12.30.32:248][  0]LogConfig: Setting CVar [[r.DOF.Scatter.EnableBokehSettings:1      ; bokeh simulation when scattering]]
[2025.05.31-12.30.32:248][  0]LogConfig: Setting CVar [[r.DOF.Scatter.MaxSpriteRatio:0.1         ; only a maximum of 10% of scattered bokeh]]
[2025.05.31-12.30.32:248][  0]LogConfig: Setting CVar [[r.DOF.Recombine.Quality:1                ; cheap slight out of focus]]
[2025.05.31-12.30.32:248][  0]LogConfig: Setting CVar [[r.DOF.Recombine.EnableBokehSettings:0    ; no bokeh simulation on slight out of focus]]
[2025.05.31-12.30.32:248][  0]LogConfig: Setting CVar [[r.DOF.TemporalAAQuality:1                ; more stable temporal accumulation]]
[2025.05.31-12.30.32:248][  0]LogConfig: Setting CVar [[r.DOF.Kernel.MaxForegroundRadius:0.025]]
[2025.05.31-12.30.32:248][  0]LogConfig: Setting CVar [[r.DOF.Kernel.MaxBackgroundRadius:0.025]]
[2025.05.31-12.30.32:248][  0]LogConfig: Applying CVar settings from Section [TextureQuality@3] File [../../../FightingGame/Saved/Config/WindowsNoEditor/Scalability.ini]
[2025.05.31-12.30.32:248][  0]LogConfig: Setting CVar [[r.Streaming.MipBias:0]]
[2025.05.31-12.30.32:248][  0]LogConfig: Setting CVar [[r.Streaming.AmortizeCPUToGPUCopy:0]]
[2025.05.31-12.30.32:248][  0]LogConfig: Setting CVar [[r.Streaming.MaxNumTexturesToStreamPerFrame:0]]
[2025.05.31-12.30.32:249][  0]LogConfig: Setting CVar [[r.Streaming.Boost:1]]
[2025.05.31-12.30.32:249][  0]LogConfig: Setting CVar [[r.MaxAnisotropy:8]]
[2025.05.31-12.30.32:249][  0]LogConfig: Setting CVar [[r.VT.MaxAnisotropy:8]]
[2025.05.31-12.30.32:249][  0]LogConfig: Setting CVar [[r.Streaming.LimitPoolSizeToVRAM:0]]
[2025.05.31-12.30.32:249][  0]LogConfig: Setting CVar [[r.Streaming.PoolSize:1000]]
[2025.05.31-12.30.32:249][  0]LogConfig: Setting CVar [[r.Streaming.MaxEffectiveScreenSize:0]]
[2025.05.31-12.30.32:249][  0]LogConfig: Applying CVar settings from Section [EffectsQuality@3] File [../../../FightingGame/Saved/Config/WindowsNoEditor/Scalability.ini]
[2025.05.31-12.30.32:249][  0]LogConfig: Setting CVar [[r.TranslucencyLightingVolumeDim:64]]
[2025.05.31-12.30.32:249][  0]LogConfig: Setting CVar [[r.RefractionQuality:2]]
[2025.05.31-12.30.32:249][  0]LogConfig: Setting CVar [[r.SSR.Quality:3]]
[2025.05.31-12.30.32:249][  0]LogConfig: Setting CVar [[r.SSR.HalfResSceneColor:0]]
[2025.05.31-12.30.32:249][  0]LogConfig: Setting CVar [[r.SceneColorFormat:4]]
[2025.05.31-12.30.32:249][  0]LogConfig: Setting CVar [[r.DetailMode:2]]
[2025.05.31-12.30.32:249][  0]LogConfig: Setting CVar [[r.TranslucencyVolumeBlur:1]]
[2025.05.31-12.30.32:249][  0]LogConfig: Setting CVar [[r.MaterialQualityLevel:1 ; High quality]]
[2025.05.31-12.30.32:249][  0]LogConfig: Setting CVar [[r.AnisotropicMaterials:1]]
[2025.05.31-12.30.32:249][  0]LogConfig: Setting CVar [[r.SSS.Scale:1]]
[2025.05.31-12.30.32:249][  0]LogConfig: Setting CVar [[r.SSS.SampleSet:2]]
[2025.05.31-12.30.32:249][  0]LogConfig: Setting CVar [[r.SSS.Quality:1]]
[2025.05.31-12.30.32:249][  0]LogConfig: Setting CVar [[r.SSS.HalfRes:0]]
[2025.05.31-12.30.32:249][  0]LogConfig: Setting CVar [[r.SSGI.Quality:3]]
[2025.05.31-12.30.32:249][  0]LogConfig: Setting CVar [[r.EmitterSpawnRateScale:1.0]]
[2025.05.31-12.30.32:249][  0]LogConfig: Setting CVar [[r.ParticleLightQuality:2]]
[2025.05.31-12.30.32:249][  0]LogConfig: Setting CVar [[r.SkyAtmosphere.AerialPerspectiveLUT.FastApplyOnOpaque:1 ; Always have FastSkyLUT 1 in this case to avoid wrong sky]]
[2025.05.31-12.30.32:249][  0]LogConfig: Setting CVar [[r.SkyAtmosphere.AerialPerspectiveLUT.SampleCountMaxPerSlice:4]]
[2025.05.31-12.30.32:249][  0]LogConfig: Setting CVar [[r.SkyAtmosphere.AerialPerspectiveLUT.DepthResolution:16.0]]
[2025.05.31-12.30.32:249][  0]LogConfig: Setting CVar [[r.SkyAtmosphere.FastSkyLUT:1]]
[2025.05.31-12.30.32:249][  0]LogConfig: Setting CVar [[r.SkyAtmosphere.FastSkyLUT.SampleCountMin:4.0]]
[2025.05.31-12.30.32:249][  0]LogConfig: Setting CVar [[r.SkyAtmosphere.FastSkyLUT.SampleCountMax:128.0]]
[2025.05.31-12.30.32:249][  0]LogConfig: Setting CVar [[r.SkyAtmosphere.SampleCountMin:4.0]]
[2025.05.31-12.30.32:249][  0]LogConfig: Setting CVar [[r.SkyAtmosphere.SampleCountMax:128.0]]
[2025.05.31-12.30.32:249][  0]LogConfig: Setting CVar [[r.SkyAtmosphere.TransmittanceLUT.UseSmallFormat:0]]
[2025.05.31-12.30.32:250][  0]LogConfig: Setting CVar [[r.SkyAtmosphere.TransmittanceLUT.SampleCount:10.0]]
[2025.05.31-12.30.32:250][  0]LogConfig: Setting CVar [[r.SkyAtmosphere.MultiScatteringLUT.SampleCount:15.0]]
[2025.05.31-12.30.32:250][  0]LogConfig: Setting CVar [[r.SkyLight.RealTimeReflectionCapture:1]]
[2025.05.31-12.30.32:250][  0]LogConfig: Setting CVar [[fx.Niagara.QualityLevel:3]]
[2025.05.31-12.30.32:250][  0]LogConfig: Applying CVar settings from Section [FoliageQuality@3] File [../../../FightingGame/Saved/Config/WindowsNoEditor/Scalability.ini]
[2025.05.31-12.30.32:250][  0]LogConfig: Setting CVar [[foliage.DensityScale:1.0]]
[2025.05.31-12.30.32:250][  0]LogConfig: Setting CVar [[grass.DensityScale:1.0]]
[2025.05.31-12.30.32:250][  0]LogConfig: Applying CVar settings from Section [ShadingQuality@3] File [../../../FightingGame/Saved/Config/WindowsNoEditor/Scalability.ini]
[2025.05.31-12.30.32:250][  0]LogConfig: Setting CVar [[r.HairStrands.SkyLighting.IntegrationType:2]]
[2025.05.31-12.30.32:250][  0]LogConfig: Setting CVar [[r.HairStrands.SkyAO.SampleCount:4]]
[2025.05.31-12.30.32:250][  0]LogConfig: Setting CVar [[r.HairStrands.Visibility.MSAA.SamplePerPixel:4]]
[2025.05.31-12.30.32:250][  0]LogConfig: Applying CVar settings from Section [Startup] File [../../../Engine/Config/ConsoleVariables.ini]
[2025.05.31-12.30.32:250][  0]LogConfig: Setting CVar [[net.UseAdaptiveNetUpdateFrequency:0]]
[2025.05.31-12.30.32:250][  0]LogConfig: Setting CVar [[p.chaos.AllowCreatePhysxBodies:1]]
[2025.05.31-12.30.32:250][  0]LogConfig: Setting CVar [[fx.SkipVectorVMBackendOptimizations:1]]
[2025.05.31-12.30.32:250][  0]LogConfig: Applying CVar settings from Section [ConsoleVariables] File [../../../FightingGame/Saved/Config/WindowsNoEditor/Engine.ini]
[2025.05.31-12.30.32:250][  0]LogInit: Computer: DESKTOP-4S7LIPN
[2025.05.31-12.30.32:250][  0]LogInit: User: Kyle
[2025.05.31-12.30.32:250][  0]LogInit: CPU Page size=4096, Cores=2
[2025.05.31-12.30.32:250][  0]LogInit: High frequency timer resolution =10.000000 MHz
[2025.05.31-12.30.32:251][  0]LogMemory: Memory total: Physical=7.9GB (8GB approx)
[2025.05.31-12.30.32:251][  0]LogMemory: Platform Memory Stats for WindowsNoEditor
[2025.05.31-12.30.32:251][  0]LogMemory: Process Physical Memory: 78.16 MB used, 78.16 MB peak
[2025.05.31-12.30.32:251][  0]LogMemory: Process Virtual Memory: 78.43 MB used, 78.43 MB peak
[2025.05.31-12.30.32:251][  0]LogMemory: Physical Memory: 5571.56 MB used,  2527.12 MB free, 8098.68 MB total
[2025.05.31-12.30.32:251][  0]LogMemory: Virtual Memory: 134206288.00 MB used,  11438.64 MB free, 134217728.00 MB total
[2025.05.31-12.30.32:262][  0]LogWindows: WindowsPlatformFeatures enabled
[2025.05.31-12.30.32:304][  0]LogInit: Physics initialised using underlying interface: PhysX
[2025.05.31-12.30.32:305][  0]LogInit: Using OS detected language (en-GB).
[2025.05.31-12.30.32:305][  0]LogInit: Using OS detected locale (en-ZA).
[2025.05.31-12.30.32:306][  0]LogTextLocalizationManager: No specific localization for 'en-GB' exists, so the 'en' localization will be used.
[2025.05.31-12.30.32:369][  0]LogWindowsTextInputMethodSystem: Display: IME system deactivated.
[2025.05.31-12.30.32:391][  0]LogSlate: New Slate User Created.  User Index 0, Is Virtual User: 0
[2025.05.31-12.30.32:391][  0]LogSlate: Slate User Registered.  User Index 0, Is Virtual User: 0
[2025.05.31-12.30.32:443][  0]LogD3D11RHI: Loaded GFSDK_Aftermath_Lib.x64.dll
[2025.05.31-12.30.32:451][  0]LogHMD: Failed to initialize OpenVR with code 110
[2025.05.31-12.30.32:451][  0]LogD3D11RHI: D3D11 min allowed feature level: 11_0
[2025.05.31-12.30.32:451][  0]LogD3D11RHI: D3D11 max allowed feature level: 11_0
[2025.05.31-12.30.32:451][  0]LogD3D11RHI: D3D11 adapters:
[2025.05.31-12.30.32:469][  0]LogD3D11RHI:    0. 'Intel(R) HD Graphics 4000' (Feature Level 11_0)
[2025.05.31-12.30.32:469][  0]LogD3D11RHI:       32/0/1760 MB DedicatedVideo/DedicatedSystem/SharedSystem, Outputs:1, VendorId:0x8086
[2025.05.31-12.30.32:480][  0]LogD3D11RHI:    1. 'Microsoft Basic Render Driver' (Feature Level 11_0)
[2025.05.31-12.30.32:481][  0]LogD3D11RHI:       0/0/4049 MB DedicatedVideo/DedicatedSystem/SharedSystem, Outputs:0, VendorId:0x1414
[2025.05.31-12.30.32:481][  0]LogD3D11RHI: Chosen D3D11 Adapter:
[2025.05.31-12.30.32:481][  0]LogD3D11RHI:     Description : Intel(R) HD Graphics 4000
[2025.05.31-12.30.32:481][  0]LogD3D11RHI:     VendorId    : 8086
[2025.05.31-12.30.32:481][  0]LogD3D11RHI:     DeviceId    : 0166
[2025.05.31-12.30.32:481][  0]LogD3D11RHI:     SubSysId    : fa106b
[2025.05.31-12.30.32:481][  0]LogD3D11RHI:     Revision    : 0009
[2025.05.31-12.30.32:481][  0]LogD3D11RHI:     DedicatedVideoMemory : 33554432 bytes
[2025.05.31-12.30.32:481][  0]LogD3D11RHI:     DedicatedSystemMemory : 0 bytes
[2025.05.31-12.30.32:481][  0]LogD3D11RHI:     SharedSystemMemory : 1845493760 bytes
[2025.05.31-12.30.32:481][  0]LogD3D11RHI:     AdapterLuid : 0 35842
[2025.05.31-12.30.32:491][  0]LogD3D11RHI: Creating new Direct3DDevice
[2025.05.31-12.30.32:491][  0]LogD3D11RHI:     GPU DeviceId: 0x166 (for the marketing name, search the web for "GPU Device Id")
[2025.05.31-12.30.32:491][  0]LogWindows: EnumDisplayDevices:
[2025.05.31-12.30.32:491][  0]LogWindows:    0. 'Intel(R) HD Graphics 4000' (P:1 D:1)
[2025.05.31-12.30.32:492][  0]LogWindows:    1. 'Intel(R) HD Graphics 4000' (P:0 D:0)
[2025.05.31-12.30.32:493][  0]LogWindows:    2. 'Intel(R) HD Graphics 4000' (P:0 D:0)
[2025.05.31-12.30.32:493][  0]LogWindows: DebugString: FoundDriverCount:3 
[2025.05.31-12.30.32:493][  0]LogD3D11RHI:     Adapter Name: Intel(R) HD Graphics 4000
[2025.05.31-12.30.32:493][  0]LogD3D11RHI:   Driver Version: 10.18.10.4242 (internal:10.18.10.4242, unified:10.18.10.4242)
[2025.05.31-12.30.32:493][  0]LogD3D11RHI:      Driver Date: 6-16-2015
[2025.05.31-12.30.32:493][  0]LogRHI: Texture pool is 638 MB (70% of 912 MB)
[2025.05.31-12.30.32:493][  0]LogD3D11RHI: Creating D3DDevice using adapter:
[2025.05.31-12.30.32:493][  0]LogD3D11RHI:     Description : Intel(R) HD Graphics 4000
[2025.05.31-12.30.32:493][  0]LogD3D11RHI:     VendorId    : 8086
[2025.05.31-12.30.32:493][  0]LogD3D11RHI:     DeviceId    : 0166
[2025.05.31-12.30.32:494][  0]LogD3D11RHI:     SubSysId    : fa106b
[2025.05.31-12.30.32:494][  0]LogD3D11RHI:     Revision    : 0009
[2025.05.31-12.30.32:494][  0]LogD3D11RHI:     DedicatedVideoMemory : 33554432 bytes
[2025.05.31-12.30.32:494][  0]LogD3D11RHI:     DedicatedSystemMemory : 0 bytes
[2025.05.31-12.30.32:494][  0]LogD3D11RHI:     SharedSystemMemory : 1845493760 bytes
[2025.05.31-12.30.32:494][  0]LogD3D11RHI:     AdapterLuid : 0 35842
[2025.05.31-12.30.32:503][  0]LogD3D11RHI: RHI does not have support for 64 bit atomics
[2025.05.31-12.30.32:511][  0]LogD3D11RHI: Intel Extensions Framework not found
[2025.05.31-12.30.32:511][  0]LogD3D11RHI: Async texture creation enabled
[2025.05.31-12.30.32:523][  0]LogD3D11RHI: GPU Timing Frequency: 12.500000 (Debug: 2 0)
[2025.05.31-12.30.32:524][  0]LogRendererCore: Ray tracing is disabled. Reason: r.RayTracing=0.
[2025.05.31-12.30.32:536][  0]LogShaderLibrary: Display: Using ../../../FightingGame/Content/ShaderArchive-Global-PCD3D_SM5.ushaderbytecode for material shader code. Total 1951 unique shaders.
[2025.05.31-12.30.32:536][  0]LogShaderLibrary: Display: Cooked Context: Using Shared Shader Library Global
[2025.05.31-12.30.32:536][  0]LogShaderLibrary: Display: Logical shader library 'Global' has been created, components 1
[2025.05.31-12.30.32:537][  0]LogTemp: Warning: Clearing the OS Cache
[2025.05.31-12.30.32:537][  0]LogODSC: ODSC Thread active.
[2025.05.31-12.30.32:541][  0]LogPakFile: New pak file ../../../FightingGame/Content/Paks/FightingGame-WindowsNoEditor.pak added to pak precacher.
[2025.05.31-12.30.32:582][  0]LogSlate: Using FreeType 2.10.0
[2025.05.31-12.30.32:583][  0]LogSlate: SlateFontServices - WITH_FREETYPE: 1, WITH_HARFBUZZ: 1
[2025.05.31-12.30.32:675][  0]LogShaderLibrary: Display: Using ../../../FightingGame/Content/ShaderArchive-FightingGame-PCD3D_SM5.ushaderbytecode for material shader code. Total 1544 unique shaders.
[2025.05.31-12.30.32:676][  0]LogShaderLibrary: Display: Cooked Context: Using Shared Shader Library FightingGame
[2025.05.31-12.30.32:676][  0]LogShaderLibrary: Display: Logical shader library 'FightingGame' has been created, components 1
[2025.05.31-12.30.32:676][  0]LogRHI: Display: Opened pipeline cache after state change and enqueued 0 of 0 tasks for precompile.
[2025.05.31-12.30.32:676][  0]LogShaderLibrary: Display: Using ../../../FightingGame/Content/ShaderArchive-FightingGame-PCD3D_SM5.ushaderbytecode for material shader code. Total 1544 unique shaders.
[2025.05.31-12.30.32:677][  0]LogShaderLibrary: Display: Cooked Context: Using Shared Shader Library FightingGame
[2025.05.31-12.30.32:677][  0]LogRHI: Display: Opened pipeline cache after state change and enqueued 0 of 0 tasks for precompile.
[2025.05.31-12.30.32:677][  0]LogRHI: Display: Failed to open default shader pipeline cache for FightingGame using shader platform 0.
[2025.05.31-12.30.32:677][  0]LogInit: Using OS detected language (en-GB).
[2025.05.31-12.30.32:677][  0]LogInit: Using OS detected locale (en-ZA).
[2025.05.31-12.30.32:677][  0]LogTextLocalizationManager: No localization for 'en-GB' exists, so 'en' will be used for the language.
[2025.05.31-12.30.32:678][  0]LogTextLocalizationManager: No localization for 'en-ZA' exists, so 'en' will be used for the locale.
[2025.05.31-12.30.32:678][  0]LogSlate: FontCache flush requested. Reason: Culture for localization was changed
[2025.05.31-12.30.32:678][  0]LogSlate: FontCache flush requested. Reason: Culture for localization was changed
[2025.05.31-12.30.32:682][  0]LogAssetRegistry: FAssetRegistry took 0.0035 seconds to start up
[2025.05.31-12.30.32:925][  0]LogTextLocalizationManager: Compacting localization data took   4.91ms
[2025.05.31-12.30.32:926][  0]LogStreaming: Display: FlushAsyncLoading: 1 QueuedPackages, 0 AsyncPackages
[2025.05.31-12.30.32:926][  0]LogPackageLocalizationCache: Processed 26 localized package path(s) for 1 prioritized culture(s) in 0.000284 seconds
[2025.05.31-12.30.32:951][  0]LogSerialization: Display: AllowBulkDataInIoStore: 'true'
[2025.05.31-12.30.32:951][  0]LogInit: Selected Device Profile: [WindowsNoEditor]
[2025.05.31-12.30.32:952][  0]LogInit: Active device profile: [000001F9AB643100][000001F99F590010 49] WindowsNoEditor
[2025.05.31-12.30.32:952][  0]LogInit: Profiles: [000001F9AB640280][000001F9AA47B6E0 49] Windows, [000001F9AB643100][000001F99F590010 49] WindowsNoEditor, 
[2025.05.31-12.30.32:996][  0]LogNetVersion: FightingGame 1.0.0, NetCL: 17155196, EngineNetVer: 17, GameNetVer: 0 (Checksum: 3922345843)
[2025.05.31-12.30.33:475][  0]LogAudioCaptureCore: Display: No Audio Capture implementations found. Audio input will be silent.
[2025.05.31-12.30.33:475][  0]LogAudioCaptureCore: Display: No Audio Capture implementations found. Audio input will be silent.
[2025.05.31-12.30.33:478][  0]LogHMD: PokeAHoleMaterial loaded successfully
[2025.05.31-12.30.33:583][  0]LogMoviePlayer: Initializing movie player
[2025.05.31-12.30.33:585][  0]LogNiagaraDebuggerClient: Niagara Debugger Client Initialized | Session: D3D2DC4A49CE0CA4D49ADEA42E9DC910 | Instance: 22FC104B4578D178FF83AB8076827FEF (DESKTOP-4S7LIPN-16428).
[2025.05.31-12.30.33:587][  0]LogAndroidPermission: UAndroidPermissionCallbackProxy::GetInstance
[2025.05.31-12.30.33:588][  0]LogOcInput: OculusInput pre-init called
[2025.05.31-12.30.33:594][  0]LogUObjectArray: 15966 objects as part of root set at end of initial load.
[2025.05.31-12.30.33:594][  0]LogUObjectArray: 2 objects are not in the root set, but can never be destroyed because they are in the DisregardForGC set.
[2025.05.31-12.30.33:594][  0]LogUObjectAllocator: 3315720 out of 0 bytes used by permanent object pool.
[2025.05.31-12.30.33:594][  0]LogUObjectArray: CloseDisregardForGC: 15966/15966 objects in disregard for GC pool
[2025.05.31-12.30.33:596][  0]LogEngine: Initializing Engine...
[2025.05.31-12.30.33:599][  0]LogHMD: Failed to enumerate extensions. Please check that you have a valid OpenXR runtime installed.
[2025.05.31-12.30.33:600][  0]LogHMD: Failed to initialize OpenVR with code 110
[2025.05.31-12.30.33:601][  0]LogStats: UGameplayTagsManager::InitializeManager -  0.001 s
[2025.05.31-12.30.33:709][  0]LogInit: Initializing FReadOnlyCVARCache
[2025.05.31-12.30.33:709][  0]LogAudio: Display: Initializing Audio Device Manager...
[2025.05.31-12.30.33:709][  0]LogAudio: Display: Loading Default Audio Settings Objects...
[2025.05.31-12.30.33:713][  0]LogAudio: Display: No default SoundConcurrencyObject specified (or failed to load).
[2025.05.31-12.30.33:713][  0]LogAudio: Display: Audio Device Manager Initialized
[2025.05.31-12.30.33:714][  0]LogAudio: Display: Creating Audio Device:                 Id: 1, Scope: Shared, Realtime: True
[2025.05.31-12.30.33:714][  0]LogAudioMixer: Display: Audio Mixer Platform Settings:
[2025.05.31-12.30.33:714][  0]LogAudioMixer: Display: 	Sample Rate:						  48000
[2025.05.31-12.30.33:714][  0]LogAudioMixer: Display: 	Callback Buffer Frame Size Requested: 1024
[2025.05.31-12.30.33:714][  0]LogAudioMixer: Display: 	Callback Buffer Frame Size To Use:	  1024
[2025.05.31-12.30.33:714][  0]LogAudioMixer: Display: 	Number of buffers to queue:			  2
[2025.05.31-12.30.33:714][  0]LogAudioMixer: Display: 	Max Channels (voices):				  32
[2025.05.31-12.30.33:714][  0]LogAudioMixer: Display: 	Number of Async Source Workers:		  0
[2025.05.31-12.30.33:714][  0]LogAudio: Display: AudioDevice MaxSources: 32
[2025.05.31-12.30.33:715][  0]LogAudio: Display: Audio Spatialization Plugin: None (built-in).
[2025.05.31-12.30.33:715][  0]LogAudio: Display: Audio Reverb Plugin: None (built-in).
[2025.05.31-12.30.33:715][  0]LogAudio: Display: Audio Occlusion Plugin: None (built-in).
[2025.05.31-12.30.33:715][  0]LogAudioMixer: Display: Initializing audio mixer.
[2025.05.31-12.30.33:735][  0]LogAudioDebug: Display: Lib vorbis DLL was dynamically loaded.
[2025.05.31-12.30.33:753][  0]LogAudioMixer: Display: 0: FrontLeft
[2025.05.31-12.30.33:753][  0]LogAudioMixer: Display: 1: FrontRight
[2025.05.31-12.30.33:753][  0]LogAudioMixer: Display: 2: BackLeft
[2025.05.31-12.30.33:753][  0]LogAudioMixer: Display: 3: BackRight
[2025.05.31-12.30.33:819][  0]LogAudioMixer: Display: Using Audio Device Speakers (Cirrus Logic CS4206B (AB 82))
[2025.05.31-12.30.33:820][  0]LogAudioMixer: Display: Initializing Sound Submixes...
[2025.05.31-12.30.33:822][  0]LogAudioMixer: Display: Creating Master Submix 'MasterSubmixDefault'
[2025.05.31-12.30.33:822][  0]LogAudioMixer: Display: Creating Master Submix 'MasterReverbSubmixDefault'
[2025.05.31-12.30.33:824][  0]LogAudioMixer: Display: Creating Master Submix 'MasterEQSubmixDefault'
[2025.05.31-12.30.33:824][  0]LogAudioMixer: FMixerPlatformXAudio2::StartAudioStream() called
[2025.05.31-12.30.33:824][  0]LogAudioMixer: Display: Output buffers initialized: Frames=1024, Channels=4, Samples=4096
[2025.05.31-12.30.33:824][  0]LogAudioMixer: Display: Starting AudioMixerPlatformInterface::RunInternal()
[2025.05.31-12.30.33:825][  0]LogAudioMixer: Display: FMixerPlatformXAudio2::SubmitBuffer() called for the first time
[2025.05.31-12.30.33:825][  0]LogInit: FAudioDevice initialized.
[2025.05.31-12.30.33:826][  0]LogNetVersion: Set ProjectVersion to 1.0.0.0. Version Checksum will be recalculated on next use.
[2025.05.31-12.30.33:826][  0]LogInit: Texture streaming: Enabled
[2025.05.31-12.30.33:839][  0]LogAudio: Display: Audio Device (ID: 1) registered with world 'Untitled'.
[2025.05.31-12.30.33:840][  0]LogSlate: Updating window title bar state: overlay mode, drag disabled, window buttons hidden, title bar hidden
[2025.05.31-12.30.33:842][  0]LogInit: Display: Game Engine Initialized.
[2025.05.31-12.30.33:843][  0]LogInit: Display: Starting Game.
[2025.05.31-12.30.33:843][  0]LogNet: Browse: /Game/Levels/CharacterSelectScene?Name=Player
[2025.05.31-12.30.33:843][  0]LogLoad: LoadMap: /Game/Levels/CharacterSelectScene?Name=Player
[2025.05.31-12.30.33:843][  0]LogWorld: BeginTearingDown for /Temp/Untitled_0
[2025.05.31-12.30.33:845][  0]LogWorld: UWorld::CleanupWorld for Untitled, bSessionEnded=true, bCleanupResources=true
[2025.05.31-12.30.33:845][  0]LogSlate: InvalidateAllWidgets triggered.  All widgets were invalidated
[2025.05.31-12.30.33:850][  0]LogAudio: Display: Audio Device unregistered from world 'None'.
[2025.05.31-12.30.33:853][  0]LogUObjectHash: Compacting FUObjectHashTables data took   1.48ms
[2025.05.31-12.30.33:905][  0]LogAudio: Display: Audio Device (ID: 1) registered with world 'CharacterSelectScene'.
[2025.05.31-12.30.33:908][  0]LogAIModule: Creating AISystem for world CharacterSelectScene
[2025.05.31-12.30.33:934][  0]LogLoad: Game class is 'DefaultGameModeBP_C'
[2025.05.31-12.30.33:936][  0]LogWorld: Bringing World /Game/Levels/CharacterSelectScene.CharacterSelectScene up for play (max tick rate 0) at 2025.05.31-14.30.33
[2025.05.31-12.30.33:937][  0]LogWorld: Bringing up level for play took: 0.001160
[2025.05.31-12.30.33:938][  0]LogGameMode: FindPlayerStart: PATHS NOT DEFINED or NO PLAYERSTART with positive rating
[2025.05.31-12.30.33:947][  0]LogLoad: Took 0.104436 seconds to LoadMap(/Game/Levels/CharacterSelectScene)
[2025.05.31-12.30.33:948][  0]LogSlate: Took 0.000501 seconds to synchronously load lazily loaded font '../../../Engine/Content/EngineFonts/Faces/RobotoBold.ufont' (160K)
[2025.05.31-12.30.33:954][  0]LogSlate: Took 0.000661 seconds to synchronously load lazily loaded font '../../../Engine/Content/EngineFonts/Faces/RobotoRegular.ufont' (155K)
[2025.05.31-12.30.33:990][  0]LogSlate: Took 0.000705 seconds to synchronously load lazily loaded font '../../../Engine/Content/Slate/Fonts/Roboto-Regular.ttf' (155K)
[2025.05.31-12.30.34:013][  0]LogRenderer: Reallocating scene render targets to support 1280x800 Format 10 NumSamples 1 (Frame:1).
[2025.05.31-12.30.34:013][  0]LogRHI: Display: ShaderPipelineCache: Paused Batching. 1
[2025.05.31-12.30.34:013][  0]LogPakFile: AllPaks IndexSizes: DirectoryHashSize=216868, PathHashSize=16, EntriesSize=32752, TotalSize=249636
[2025.05.31-12.30.34:013][  0]LogRHI: Display: ShaderPipelineCache: Resumed Batching. 0
[2025.05.31-12.30.34:013][  0]LogRHI: Display: ShaderPipelineCache: Batching Resumed.
[2025.05.31-12.30.34:013][  0]LogInit: Display: Engine is initialized. Leaving FEngineLoop::Init()
[2025.05.31-12.30.34:013][  0]LogLoad: (Engine Initialization) Total time: 2.62 seconds
[2025.05.31-12.30.34:699][  0]LogContentStreaming: Texture pool size now 1000 MB
[2025.05.31-12.30.34:720][  0]LogSlate: InvalidateAllWidgets triggered.  All widgets were invalidated
[2025.05.31-12.30.35:452][  0]LogSlate: Slate font cache was flushed
[2025.05.31-12.30.35:458][  1]LogSlate: Took 0.000672 seconds to synchronously load lazily loaded font '../../../Engine/Content/Slate/Fonts/Roboto-Regular.ttf' (155K)
[2025.05.31-12.30.35:459][  1]LogSlate: Took 0.000373 seconds to synchronously load lazily loaded font '../../../Engine/Content/EngineFonts/Faces/RobotoRegular.ufont' (155K)
[2025.05.31-12.30.35:460][  1]LogSlate: Took 0.000341 seconds to synchronously load lazily loaded font '../../../Engine/Content/EngineFonts/Faces/RobotoBold.ufont' (160K)
[2025.05.31-12.30.51:455][364]LogNet: Browse: /Game/Levels/Stages/Stage1
[2025.05.31-12.30.51:455][364]LogLoad: LoadMap: /Game/Levels/Stages/Stage1
[2025.05.31-12.30.51:455][364]LogWorld: BeginTearingDown for /Game/Levels/CharacterSelectScene
[2025.05.31-12.30.51:456][364]LogWorld: UWorld::CleanupWorld for CharacterSelectScene, bSessionEnded=true, bCleanupResources=true
[2025.05.31-12.30.51:456][364]LogSlate: InvalidateAllWidgets triggered.  All widgets were invalidated
[2025.05.31-12.30.51:492][364]LogAudio: Display: Audio Device unregistered from world 'None'.
[2025.05.31-12.30.51:547][364]LogUObjectHash: Compacting FUObjectHashTables data took   1.88ms
[2025.05.31-12.30.51:562][364]LogStreaming: Display: FlushAsyncLoading: 1 QueuedPackages, 0 AsyncPackages
[2025.05.31-12.30.51:623][364]LogAudio: Display: Audio Device (ID: 1) registered with world 'Stage1'.
[2025.05.31-12.30.51:625][364]LogAIModule: Creating AISystem for world Stage1
[2025.05.31-12.30.51:627][364]LogLoad: Game class is 'DefaultGameModeBP_C'
[2025.05.31-12.30.51:650][364]LogWorld: Bringing World /Game/Levels/Stages/Stage1.Stage1 up for play (max tick rate 0) at 2025.05.31-14.30.51
[2025.05.31-12.30.51:650][364]LogWorld: Bringing up level for play took: 0.021658
[2025.05.31-12.30.51:658][364]PIE: Warning: AttachTo: '/Game/Levels/Stages/Stage1.Stage1:PersistentLevel.SideScrollerCharacter_2.CollisionCylinder' is not static , cannot attach '/Game/Levels/Stages/Stage1.Stage1:PersistentLevel.HurtboxActorBP_C_2147482475.DefaultSceneRoot' which is static to it. Aborting.
[2025.05.31-12.30.51:662][364]PIE: Warning: AttachTo: '/Game/Levels/Stages/Stage1.Stage1:PersistentLevel.SideScrollerCharacter_C_2147482474.CollisionCylinder' is not static , cannot attach '/Game/Levels/Stages/Stage1.Stage1:PersistentLevel.HurtboxActorBP_C_2147482472.DefaultSceneRoot' which is static to it. Aborting.
[2025.05.31-12.30.51:666][364]PIE: Warning: AttachTo: '/Game/Levels/Stages/Stage1.Stage1:PersistentLevel.SideScrollerCharacter_C_2147482471.CollisionCylinder' is not static , cannot attach '/Game/Levels/Stages/Stage1.Stage1:PersistentLevel.HurtboxActorBP_C_2147482469.DefaultSceneRoot' which is static to it. Aborting.
[2025.05.31-12.30.51:671][364]LogLoad: Took 0.216266 seconds to LoadMap(/Game/Levels/Stages/Stage1)
[2025.05.31-12.31.10:159][594]LogSlate: Request Window 'FightingGame (64-bit Development PCD3D_SM5) ' being destroyed
[2025.05.31-12.31.10:380][594]LogSlate: Window 'FightingGame (64-bit Development PCD3D_SM5) ' being destroyed
[2025.05.31-12.31.10:383][594]LogWindowsTextInputMethodSystem: Display: IME system deactivated.
[2025.05.31-12.31.10:392][595]LogSlate: Updating window title bar state: overlay mode, drag disabled, window buttons hidden, title bar hidden
[2025.05.31-12.31.10:392][595]LogEngine: All Windows Closed
[2025.05.31-12.31.10:392][595]LogWindows: FPlatformMisc::RequestExit(0)
[2025.05.31-12.31.10:393][595]LogWindows: FPlatformMisc::RequestExitWithStatus(0, 0)
[2025.05.31-12.31.10:393][595]LogCore: Engine exit requested (reason: Win RequestExit)
[2025.05.31-12.31.10:395][596]LogCore: Engine exit requested (reason: EngineExit() was called; note: exit was already requested)
[2025.05.31-12.31.10:395][596]LogInit: Display: PreExit Game.
